<?xml version="1.0" encoding="UTF-8"?>
<coverage generated="1680647682505" clover="3.2.0">
  <project timestamp="1680647682505" name="All files">
    <metrics statements="17" coveredstatements="16" conditionals="8" coveredconditionals="7" methods="1" coveredmethods="1" elements="26" coveredelements="24" complexity="0" loc="17" ncloc="17" packages="1" files="1" classes="1"/>
    <file name="pgcd.js" path="/Users/hanaabelhamidi/WebstormProjects/unitTests/pgcd.js">
      <metrics statements="17" coveredstatements="16" conditionals="8" coveredconditionals="7" methods="1" coveredmethods="1"/>
      <line num="4" count="3" type="cond" truecount="4" falsecount="0"/>
      <line num="5" count="1" type="stmt"/>
      <line num="6" count="1" type="stmt"/>
      <line num="7" count="2" type="cond" truecount="2" falsecount="0"/>
      <line num="8" count="1" type="stmt"/>
      <line num="9" count="1" type="stmt"/>
      <line num="10" count="1" type="stmt"/>
      <line num="11" count="1" type="stmt"/>
      <line num="12" count="1" type="cond" truecount="1" falsecount="1"/>
      <line num="13" count="0" type="stmt"/>
      <line num="16" count="1" type="stmt"/>
      <line num="17" count="1" type="stmt"/>
      <line num="18" count="1" type="stmt"/>
      <line num="19" count="1" type="stmt"/>
      <line num="21" count="1" type="stmt"/>
      <line num="23" count="2" type="stmt"/>
      <line num="26" count="1" type="stmt"/>
    </file>
  </project>
</coverage>
